This is pdfTeX, Version 3.1415926-2.5-1.40.14 (TeX Live 2013/TeX Live for SUSE Linux) (format=pdflatex 2015.10.14)  29 MAY 2017 15:51
entering extended mode
 restricted \write18 enabled.
 %&-line parsing enabled.
**paper.tex
(./paper.tex
LaTeX2e <2011/06/27>
Babel <3.9f> and hyphenation patterns for 78 languages loaded.
(/usr/share/texmf/tex/latex/base/article.cls
Document Class: article 2007/10/19 v1.4h Standard LaTeX document class
(/usr/share/texmf/tex/latex/base/size11.clo
File: size11.clo 2007/10/19 v1.4h Standard LaTeX file (size option)
)
\c@part=\count79
\c@section=\count80
\c@subsection=\count81
\c@subsubsection=\count82
\c@paragraph=\count83
\c@subparagraph=\count84
\c@figure=\count85
\c@table=\count86
\abovecaptionskip=\skip41
\belowcaptionskip=\skip42
\bibindent=\dimen102
)
(/usr/share/texmf/tex/latex/base/fontenc.sty
Package: fontenc 2005/09/27 v1.99g Standard LaTeX package

(/usr/share/texmf/tex/latex/base/t1enc.def
File: t1enc.def 2005/09/27 v1.99g Standard LaTeX file
LaTeX Font Info:    Redeclaring font encoding T1 on input line 43.
))
(/usr/share/texmf/tex/generic/babel/babel.sty
Package: babel 2013/05/16 v3.9f The Babel package

(/usr/share/texmf/tex/generic/babel-english/english.ldf
Language: english 2012/08/20 v3.3p English support from the babel system

(/usr/share/texmf/tex/generic/babel/babel.def
File: babel.def 2013/05/16 v3.9f Babel common definitions
\babel@savecnt=\count87
\U@D=\dimen103
)
\l@canadian = a dialect from \language\l@american 
\l@australian = a dialect from \language\l@british 
\l@newzealand = a dialect from \language\l@british 
))
(/usr/share/texmf/tex/latex/graphics/epsfig.sty
Package: epsfig 1999/02/16 v1.7a (e)psfig emulation (SPQR)

(/usr/share/texmf/tex/latex/graphics/graphicx.sty
Package: graphicx 1999/02/16 v1.0f Enhanced LaTeX Graphics (DPC,SPQR)

(/usr/share/texmf/tex/latex/graphics/keyval.sty
Package: keyval 1999/03/16 v1.13 key=value parser (DPC)
\KV@toks@=\toks14
)
(/usr/share/texmf/tex/latex/graphics/graphics.sty
Package: graphics 2009/02/05 v1.0o Standard LaTeX Graphics (DPC,SPQR)

(/usr/share/texmf/tex/latex/graphics/trig.sty
Package: trig 1999/03/16 v1.09 sin cos tan (DPC)
)
(/usr/share/texmf/tex/latex/latexconfig/graphics.cfg
File: graphics.cfg 2010/04/23 v1.9 graphics configuration of TeX Live
)
Package graphics Info: Driver file: pdftex.def on input line 91.

(/usr/share/texmf/tex/latex/pdftex-def/pdftex.def
File: pdftex.def 2011/05/27 v0.06d Graphics/color for pdfTeX

(/usr/share/texmf/tex/generic/oberdiek/infwarerr.sty
Package: infwarerr 2010/04/08 v1.3 Providing info/warning/error messages (HO)
)
(/usr/share/texmf/tex/generic/oberdiek/ltxcmds.sty
Package: ltxcmds 2011/11/09 v1.22 LaTeX kernel commands for general use (HO)
)
\Gread@gobject=\count88
))
\Gin@req@height=\dimen104
\Gin@req@width=\dimen105
)
\epsfxsize=\dimen106
\epsfysize=\dimen107
)
(/usr/share/texmf/tex/latex/graphics/color.sty
Package: color 2005/11/14 v1.0j Standard LaTeX Color (DPC)

(/usr/share/texmf/tex/latex/latexconfig/color.cfg
File: color.cfg 2007/01/18 v1.5 color configuration of teTeX/TeXLive
)
Package color Info: Driver file: pdftex.def on input line 130.
)
(/usr/share/texmf/tex/latex/amsmath/amsmath.sty
Package: amsmath 2013/01/14 v2.14 AMS math features
\@mathmargin=\skip43

For additional information on amsmath, use the `?' option.
(/usr/share/texmf/tex/latex/amsmath/amstext.sty
Package: amstext 2000/06/29 v2.01

(/usr/share/texmf/tex/latex/amsmath/amsgen.sty
File: amsgen.sty 1999/11/30 v2.0
\@emptytoks=\toks15
\ex@=\dimen108
))
(/usr/share/texmf/tex/latex/amsmath/amsbsy.sty
Package: amsbsy 1999/11/29 v1.2d
\pmbraise@=\dimen109
)
(/usr/share/texmf/tex/latex/amsmath/amsopn.sty
Package: amsopn 1999/12/14 v2.01 operator names
)
\inf@bad=\count89
LaTeX Info: Redefining \frac on input line 210.
\uproot@=\count90
\leftroot@=\count91
LaTeX Info: Redefining \overline on input line 306.
\classnum@=\count92
\DOTSCASE@=\count93
LaTeX Info: Redefining \ldots on input line 378.
LaTeX Info: Redefining \dots on input line 381.
LaTeX Info: Redefining \cdots on input line 466.
\Mathstrutbox@=\box26
\strutbox@=\box27
\big@size=\dimen110
LaTeX Font Info:    Redeclaring font encoding OML on input line 566.
LaTeX Font Info:    Redeclaring font encoding OMS on input line 567.
\macc@depth=\count94
\c@MaxMatrixCols=\count95
\dotsspace@=\muskip10
\c@parentequation=\count96
\dspbrk@lvl=\count97
\tag@help=\toks16
\row@=\count98
\column@=\count99
\maxfields@=\count100
\andhelp@=\toks17
\eqnshift@=\dimen111
\alignsep@=\dimen112
\tagshift@=\dimen113
\tagwidth@=\dimen114
\totwidth@=\dimen115
\lineht@=\dimen116
\@envbody=\toks18
\multlinegap=\skip44
\multlinetaggap=\skip45
\mathdisplay@stack=\toks19
LaTeX Info: Redefining \[ on input line 2665.
LaTeX Info: Redefining \] on input line 2666.
) (./paper.aux

LaTeX Warning: Label `Perpladder' multiply defined.

)
\openout1 = `paper.aux'.

LaTeX Font Info:    Checking defaults for OML/cmm/m/it on input line 11.
LaTeX Font Info:    ... okay on input line 11.
LaTeX Font Info:    Checking defaults for T1/cmr/m/n on input line 11.
LaTeX Font Info:    ... okay on input line 11.
LaTeX Font Info:    Checking defaults for OT1/cmr/m/n on input line 11.
LaTeX Font Info:    ... okay on input line 11.
LaTeX Font Info:    Checking defaults for OMS/cmsy/m/n on input line 11.
LaTeX Font Info:    ... okay on input line 11.
LaTeX Font Info:    Checking defaults for OMX/cmex/m/n on input line 11.
LaTeX Font Info:    ... okay on input line 11.
LaTeX Font Info:    Checking defaults for U/cmr/m/n on input line 11.
LaTeX Font Info:    ... okay on input line 11.
 (/usr/share/texmf/tex/context/base/supp-pdf.mkii
[Loading MPS to PDF converter (version 2006.09.02).]
\scratchcounter=\count101
\scratchdimen=\dimen117
\scratchbox=\box28
\nofMPsegments=\count102
\nofMParguments=\count103
\everyMPshowfont=\toks20
\MPscratchCnt=\count104
\MPscratchDim=\dimen118
\MPnumerator=\count105
\makeMPintoPDFobject=\count106
\everyMPtoPDFconversion=\toks21
) (/usr/share/texmf/tex/generic/oberdiek/pdftexcmds.sty
Package: pdftexcmds 2011/11/29 v0.20 Utility functions of pdfTeX for LuaTeX (HO
)

(/usr/share/texmf/tex/generic/oberdiek/ifluatex.sty
Package: ifluatex 2010/03/01 v1.3 Provides the ifluatex switch (HO)
Package ifluatex Info: LuaTeX not detected.
)
(/usr/share/texmf/tex/generic/oberdiek/ifpdf.sty
Package: ifpdf 2011/01/30 v2.3 Provides the ifpdf switch (HO)
Package ifpdf Info: pdfTeX in PDF mode is detected.
)
Package pdftexcmds Info: LuaTeX not detected.
Package pdftexcmds Info: \pdf@primitive is available.
Package pdftexcmds Info: \pdf@ifprimitive is available.
Package pdftexcmds Info: \pdfdraftmode found.
)
(/usr/share/texmf/tex/latex/oberdiek/epstopdf-base.sty
Package: epstopdf-base 2010/02/09 v2.5 Base part for package epstopdf

(/usr/share/texmf/tex/latex/oberdiek/grfext.sty
Package: grfext 2010/08/19 v1.1 Manage graphics extensions (HO)

(/usr/share/texmf/tex/generic/oberdiek/kvdefinekeys.sty
Package: kvdefinekeys 2011/04/07 v1.3 Define keys (HO)
))
(/usr/share/texmf/tex/latex/oberdiek/kvoptions.sty
Package: kvoptions 2011/06/30 v3.11 Key value format for package options (HO)

(/usr/share/texmf/tex/generic/oberdiek/kvsetkeys.sty
Package: kvsetkeys 2012/04/25 v1.16 Key value parser (HO)

(/usr/share/texmf/tex/generic/oberdiek/etexcmds.sty
Package: etexcmds 2011/02/16 v1.5 Avoid name clashes with e-TeX commands (HO)
Package etexcmds Info: Could not find \expanded.
(etexcmds)             That can mean that you are not using pdfTeX 1.50 or
(etexcmds)             that some package has redefined \expanded.
(etexcmds)             In the latter case, load this package earlier.
)))
Package grfext Info: Graphics extension search list:
(grfext)             [.png,.pdf,.jpg,.mps,.jpeg,.jbig2,.jb2,.PNG,.PDF,.JPG,.JPE
G,.JBIG2,.JB2,.eps]
(grfext)             \AppendGraphicsExtensions on input line 452.

(/usr/share/texmf/tex/latex/latexconfig/epstopdf-sys.cfg
File: epstopdf-sys.cfg 2010/07/13 v1.3 Configuration of (r)epstopdf for TeX Liv
e
))

LaTeX Warning: No \author given.


Overfull \hbox (11.08954pt too wide) in paragraph at lines 29--33
\T1/cmr/m/n/10 emerges a very peaked struc-ture in the charge-channel for fi-ni
te frequency-
 []

(./content/frgnoself.tex
LaTeX Font Info:    Try loading font information for OMS+cmr on input line 8.
 (/usr/share/texmf/tex/latex/base/omscmr.fd
File: omscmr.fd 1999/05/25 v2.5h Standard LaTeX font definitions
)
LaTeX Font Info:    Font shape `OMS/cmr/m/n' in size <10.95> not available
(Font)              Font shape `OMS/cmsy/m/n' tried instead on input line 8.
 [1

{/usr/share/texmf/fonts/map/pdftex/updmap/pdftex.map}]
Package epstopdf Info: Source file: <vanHove_scan_critical_lambda_phi.eps>
(epstopdf)                    date: 2017-05-29 15:03:35
(epstopdf)                    size: 35069 bytes
(epstopdf)             Output file: <vanHove_scan_critical_lambda_phi-eps-conve
rted-to.pdf>
(epstopdf)                    date: 2017-05-29 15:20:51
(epstopdf)                    size: 25824 bytes
(epstopdf)             Command: <repstopdf --outfile=vanHove_scan_critical_lamb
da_phi-eps-converted-to.pdf vanHove_scan_critical_lambda_phi.eps>
(epstopdf)             \includegraphics on input line 27.
Package epstopdf Info: Output file is already uptodate.

<vanHove_scan_critical_lambda_phi-eps-converted-to.pdf, id=18, 578.16pt x 433.6
2pt>
File: vanHove_scan_critical_lambda_phi-eps-converted-to.pdf Graphic file (type 
pdf)
 <use vanHove_scan_critical_lambda_phi-eps-converted-to.pdf>
Package pdftex.def Info: vanHove_scan_critical_lambda_phi-eps-converted-to.pdf 
used on input line 27.
(pdftex.def)             Requested size: 462.52863pt x 346.89647pt.

Overfull \hbox (102.52863pt too wide) in paragraph at lines 27--28
[][] 
 []

Package epstopdf Info: Source file: <vanHove_plus_scan_critical_lambda_phi.eps>

(epstopdf)                    date: 2017-05-29 15:03:35
(epstopdf)                    size: 39624 bytes
(epstopdf)             Output file: <vanHove_plus_scan_critical_lambda_phi-eps-
converted-to.pdf>
(epstopdf)                    date: 2017-05-29 15:20:51
(epstopdf)                    size: 27423 bytes
(epstopdf)             Command: <repstopdf --outfile=vanHove_plus_scan_critical
_lambda_phi-eps-converted-to.pdf vanHove_plus_scan_critical_lambda_phi.eps>
(epstopdf)             \includegraphics on input line 33.
Package epstopdf Info: Output file is already uptodate.

<vanHove_plus_scan_critical_lambda_phi-eps-converted-to.pdf, id=19, 578.16pt x 
433.62pt>
File: vanHove_plus_scan_critical_lambda_phi-eps-converted-to.pdf Graphic file (
type pdf)
 <use vanHove_plus_scan_critical_lambda_phi-eps-converted-to.pdf>
Package pdftex.def Info: vanHove_plus_scan_critical_lambda_phi-eps-converted-to
.pdf used on input line 33.
(pdftex.def)             Requested size: 462.52863pt x 346.89647pt.

Overfull \hbox (102.52863pt too wide) in paragraph at lines 33--34
[][] 
 []

<images/vanhovelam.png, id=20, 1606.0pt x 1204.5pt>
File: images/vanhovelam.png Graphic file (type png)

<use images/vanhovelam.png>
Package pdftex.def Info: images/vanhovelam.png used on input line 44.
(pdftex.def)             Requested size: 401.49902pt x 301.12427pt.

Overfull \hbox (41.49902pt too wide) in paragraph at lines 44--46
[][] 
 []

<images/freqvanhove.png, id=21, 1606.0pt x 1204.5pt>
File: images/freqvanhove.png Graphic file (type png)

<use images/freqvanhove.png>
Package pdftex.def Info: images/freqvanhove.png used on input line 51.
(pdftex.def)             Requested size: 401.49902pt x 301.12427pt.

Overfull \hbox (41.49902pt too wide) in paragraph at lines 51--52
[][] 
 []

<images/vanhovepluslambda.png, id=22, 1606.0pt x 1204.5pt>
File: images/vanhovepluslambda.png Graphic file (type png)

<use images/vanhovepluslambda.png>
Package pdftex.def Info: images/vanhovepluslambda.png used on input line 57.
(pdftex.def)             Requested size: 401.49902pt x 301.12427pt.

Overfull \hbox (41.49902pt too wide) in paragraph at lines 57--59
[][] 
 []


Overfull \hbox (6.47302pt too wide) in paragraph at lines 68--69
[]\T1/cmr/m/n/10.95 The \T1/cmr/m/it/10.95 di-ver-gence \T1/cmr/m/n/10.95 of th
e chan-nel is as-so-ci-ated with a very spe-cific \T1/cmr/m/it/10.95 frequency-

 []


Overfull \hbox (6.7335pt too wide) in paragraph at lines 69--70
[]\T1/cmr/m/n/10.95 The charge-channel di-ver-gence arises also in DMF$[]$RG, w
here the DMFT
 []

[2] [3 <./vanHove_scan_critical_lambda_phi-eps-converted-to.pdf>] [4 <./vanHove
_plus_scan_critical_lambda_phi-eps-converted-to.pdf>] [5 <./images/vanhovelam.p
ng (PNG copy)>] [6 <./images/freqvanhove.png (PNG copy)>] [7 <./images/vanhovep
luslambda.png (PNG copy)>]) (./content/perpendicular.tex
<images/Perp_ladder_density.png, id=148, 1606.0pt x 602.25pt>
File: images/Perp_ladder_density.png Graphic file (type png)

<use images/Perp_ladder_density.png>
Package pdftex.def Info: images/Perp_ladder_density.png used on input line 17.
(pdftex.def)             Requested size: 401.49902pt x 150.56212pt.

Overfull \hbox (41.49902pt too wide) in paragraph at lines 17--18
[][] 
 []

<images/Bubble_ph.png, id=149, 578.16pt x 433.62pt>
File: images/Bubble_ph.png Graphic file (type png)
 <use images/Bubble_ph.png>
Package pdftex.def Info: images/Bubble_ph.png used on input line 23.
(pdftex.def)             Requested size: 404.70924pt x 303.53192pt.

Overfull \hbox (44.70924pt too wide) in paragraph at lines 23--24
[][] 
 []

)
No file paper.bbl.
[8 <./images/Perp_ladder_density.png (PNG copy)>] [9 <./images/Bubble_ph.png>]
(./paper.aux)

LaTeX Warning: There were multiply-defined labels.

 ) 
Here is how much of TeX's memory you used:
 2850 strings out of 493315
 36457 string characters out of 6145892
 104400 words of memory out of 5000000
 6232 multiletter control sequences out of 15000+600000
 18501 words of font info for 49 fonts, out of 8000000 for 9000
 957 hyphenation exceptions out of 8191
 38i,8n,23p,355b,233s stack positions out of 5000i,500n,10000p,200000b,80000s
{/usr/share/texmf/fonts/enc/dvips/cm-super/cm-super-t1.enc}</usr/share/texmf/
fonts/type1/public/amsfonts/cm/cmex10.pfb></usr/share/texmf/fonts/type1/public/
amsfonts/cm/cmmi10.pfb></usr/share/texmf/fonts/type1/public/amsfonts/cm/cmmi8.p
fb></usr/share/texmf/fonts/type1/public/amsfonts/cm/cmmib10.pfb></usr/share/tex
mf/fonts/type1/public/amsfonts/cmextra/cmmib8.pfb></usr/share/texmf/fonts/type1
/public/amsfonts/cm/cmr10.pfb></usr/share/texmf/fonts/type1/public/amsfonts/cm/
cmr8.pfb></usr/share/texmf/fonts/type1/public/amsfonts/cm/cmsy10.pfb></usr/shar
e/texmf/fonts/type1/public/amsfonts/cm/cmsy6.pfb></usr/share/texmf/fonts/type1/
public/amsfonts/cm/cmsy8.pfb></usr/share/texmf/fonts/type1/public/cm-super/sfbx
1000.pfb></usr/share/texmf/fonts/type1/public/cm-super/sfbx1095.pfb></usr/share
/texmf/fonts/type1/public/cm-super/sfbx1440.pfb></usr/share/texmf/fonts/type1/p
ublic/cm-super/sfrm1000.pfb></usr/share/texmf/fonts/type1/public/cm-super/sfrm1
095.pfb></usr/share/texmf/fonts/type1/public/cm-super/sfrm1200.pfb></usr/share/
texmf/fonts/type1/public/cm-super/sfrm1728.pfb></usr/share/texmf/fonts/type1/pu
blic/cm-super/sfti1000.pfb></usr/share/texmf/fonts/type1/public/cm-super/sfti10
95.pfb>
Output written on paper.pdf (9 pages, 659634 bytes).
PDF statistics:
 224 PDF objects out of 1000 (max. 8388607)
 101 compressed objects within 2 object streams
 0 named destinations out of 1000 (max. 500000)
 36 words of extra memory for PDF output out of 10000 (max. 10000000)

